{"level":"info","message":"Received request: GET /","timestamp":"2024-10-24T20:34:08.194Z"}
{"level":"info","message":"Received request: GET /data.json","timestamp":"2024-10-24T20:34:08.395Z"}
{"level":"info","message":"Received request: GET /favicon.ico","timestamp":"2024-10-24T20:34:08.412Z"}
{"level":"info","message":"Received request: GET /","timestamp":"2024-10-24T20:34:20.483Z"}
{"level":"info","message":"Received request: GET /data.json","timestamp":"2024-10-24T20:34:20.564Z"}
{"level":"info","message":"Received request: GET /","timestamp":"2024-10-24T20:35:38.603Z"}
{"level":"info","message":"Received request: GET /styles.css","timestamp":"2024-10-24T20:35:38.624Z"}
{"level":"info","message":"Received request: GET /","timestamp":"2024-10-24T20:36:14.328Z"}
{"level":"info","message":"Received request: GET /styles.css","timestamp":"2024-10-24T20:36:14.347Z"}
{"level":"info","message":"Received request: GET /","timestamp":"2024-10-24T20:36:15.093Z"}
{"level":"info","message":"Received request: GET /styles.css","timestamp":"2024-10-24T20:36:15.110Z"}
{"level":"info","message":"Received request: GET /","timestamp":"2024-10-24T20:37:39.483Z"}
{"level":"info","message":"Received request: GET /styles.css","timestamp":"2024-10-24T20:37:39.502Z"}
{"level":"info","message":"Received request: GET /data","timestamp":"2024-10-24T20:40:39.188Z"}
{"level":"info","message":"Received request: GET /data","timestamp":"2024-10-24T20:40:56.733Z"}
{"level":"info","message":"Received request: GET /data","timestamp":"2024-10-24T20:41:06.790Z"}
{"level":"info","message":"Received request: GET /data","timestamp":"2024-10-24T20:41:24.285Z"}
{"level":"info","message":"Received request: GET /data","timestamp":"2024-10-24T20:41:40.470Z"}
{"level":"info","message":"Received request: GET /","timestamp":"2024-10-24T20:44:08.380Z"}
{"level":"info","message":"Received request: GET /data","timestamp":"2024-10-24T20:44:08.584Z"}
{"level":"info","message":"Received request: GET /","timestamp":"2024-10-24T20:46:12.369Z"}
{"level":"info","message":"Received request: GET /data","timestamp":"2024-10-24T20:46:12.589Z"}
{"level":"info","message":"Received request: GET /","timestamp":"2024-10-24T20:48:32.258Z"}
